Using pre-set license
Built from '2020.3/staging' branch; Version is '2020.3.10f1 (297d780c91bc) revision 2719096'; Using compiler version '192528614'; Build Type 'Release'
OS: 'Windows 10 Home Single Language; OS build 19043.1288; Version 2009; 64bit' Language: 'en' Physical Memory: 8039 MB
BatchMode: 1, IsHumanControllingUs: 0, StartBugReporterOnCrash: 0, Is64bit: 1, IsPro: 0

 COMMAND LINE ARGUMENTS:
C:\Program Files\Unity\Hub\Editor\2020.3.10f1\Editor\Unity.exe
-adb2
-batchMode
-noUpm
-name
AssetImportWorker0
-projectPath
D:/1_Aneesh/1 MY WORK/1_MY_GAME_DEVELOPMENT/1_Games/GitHub/Fallen Star
-logFile
Logs/AssetImportWorker0.log
-srvPort
49455
Successfully changed project path to: D:/1_Aneesh/1 MY WORK/1_MY_GAME_DEVELOPMENT/1_Games/GitHub/Fallen Star
D:/1_Aneesh/1 MY WORK/1_MY_GAME_DEVELOPMENT/1_Games/GitHub/Fallen Star
Using Asset Import Pipeline V2.
Refreshing native plugins compatible for Editor in 152.21 ms, found 3 plugins.
Preloading 0 native plugins for Editor in 0.00 ms.
Initialize engine version: 2020.3.10f1 (297d780c91bc)
[Subsystems] Discovering subsystems at path C:/Program Files/Unity/Hub/Editor/2020.3.10f1/Editor/Data/Resources/UnitySubsystems
[Subsystems] Discovering subsystems at path D:/1_Aneesh/1 MY WORK/1_MY_GAME_DEVELOPMENT/1_Games/GitHub/Fallen Star/Assets
GfxDevice: creating device client; threaded=0
Direct3D:
    Version:  Direct3D 11.0 [level 11.1]
    Renderer: Intel(R) UHD Graphics (ID=0x3ea0)
    Vendor:   
    VRAM:     4019 MB
    Driver:   23.20.16.4973
Shader 'Universal Render Pipeline/Particles/Lit': fallback shader 'Universal Render Pipeline/Particles/SimpleLit' not found
Initialize mono
Mono path[0] = 'C:/Program Files/Unity/Hub/Editor/2020.3.10f1/Editor/Data/Managed'
Mono path[1] = 'C:/Program Files/Unity/Hub/Editor/2020.3.10f1/Editor/Data/MonoBleedingEdge/lib/mono/unityjit'
Mono config path = 'C:/Program Files/Unity/Hub/Editor/2020.3.10f1/Editor/Data/MonoBleedingEdge/etc'
Using monoOptions --debugger-agent=transport=dt_socket,embedding=1,server=y,suspend=n,address=127.0.0.1:56440
Begin MonoManager ReloadAssembly
Registering precompiled unity dll's ...
Register platform support module: C:/Program Files/Unity/Hub/Editor/2020.3.10f1/Editor/Data/PlaybackEngines/WindowsStandaloneSupport/UnityEditor.WindowsStandalone.Extensions.dll
Registered in 0.005506 seconds.
Native extension for WindowsStandalone target not found
Refreshing native plugins compatible for Editor in 167.91 ms, found 3 plugins.
Preloading 0 native plugins for Editor in 0.00 ms.
Mono: successfully reloaded assembly
- Completed reload, in  5.540 seconds
Platform modules already initialized, skipping
Registering precompiled user dll's ...
Registered in 0.009540 seconds.
Begin MonoManager ReloadAssembly
Native extension for WindowsStandalone target not found
Refreshing native plugins compatible for Editor in 162.71 ms, found 3 plugins.
Preloading 0 native plugins for Editor in 0.00 ms.
Mono: successfully reloaded assembly
- Completed reload, in  3.553 seconds
Platform modules already initialized, skipping
========================================================================
Worker process is ready to serve import requests
Shader 'Universal Render Pipeline/Particles/Lit': fallback shader 'Universal Render Pipeline/Particles/SimpleLit' not found
Launched and connected shader compiler UnityShaderCompiler.exe after 0.11 seconds
Refreshing native plugins compatible for Editor in 1.14 ms, found 3 plugins.
Preloading 0 native plugins for Editor in 0.00 ms.
Unloading 3173 Unused Serialized files (Serialized files now loaded: 0)
System memory in use before: 134.2 MB.
System memory in use after: 134.4 MB.

Unloading 31 unused Assets to reduce memory usage. Loaded Objects now: 3613.
Total: 6.222900 ms (FindLiveObjects: 0.627800 ms CreateObjectMapping: 0.338000 ms MarkObjects: 5.009600 ms  DeleteObjects: 0.244900 ms)

========================================================================
Received Import Request.
  path: Assets/UniversalRenderPipelineAsset.asset
  artifactKey: Guid(48075333e689c2c419380d484b279655) Importer(815301076,1909f56bfc062723c751e8b465ee728b)
Start importing Assets/UniversalRenderPipelineAsset.asset using Guid(48075333e689c2c419380d484b279655) Importer(815301076,1909f56bfc062723c751e8b465ee728b)  -> (artifact id: 'a0674bc728071377e50f910be84c6715') in 0.157604 seconds
  Import took 0.170324 seconds .

========================================================================
Received Prepare
Switching render pipeline 00000000000000000000000000000000 -> 48075333e689c2c419380d484b279655
Shader 'Universal Render Pipeline/Particles/Lit': fallback shader 'Universal Render Pipeline/Particles/SimpleLit' not found
Refreshing native plugins compatible for Editor in 17.43 ms, found 3 plugins.
Preloading 0 native plugins for Editor in 0.00 ms.
Unloading 65 Unused Serialized files (Serialized files now loaded: 0)
System memory in use before: 71.8 MB.
System memory in use after: 72.0 MB.

Unloading 17 unused Assets to reduce memory usage. Loaded Objects now: 3661.
Total: 9.356100 ms (FindLiveObjects: 0.920700 ms CreateObjectMapping: 0.462600 ms MarkObjects: 7.756000 ms  DeleteObjects: 0.213900 ms)

========================================================================
Received Import Request.
  Time since last request: 46.712195 seconds.
  path: Assets/2D Render.asset
  artifactKey: Guid(a3436ba179bd61d4d9565069cd2baa0b) Importer(815301076,1909f56bfc062723c751e8b465ee728b)
Start importing Assets/2D Render.asset using Guid(a3436ba179bd61d4d9565069cd2baa0b) Importer(815301076,1909f56bfc062723c751e8b465ee728b)  -> (artifact id: 'b5daf2d68fb10fd7492df0eb0039c53a') in 0.027721 seconds
  Import took 0.038456 seconds .

========================================================================
Received Import Request.
  Time since last request: 1.412905 seconds.
  path: Assets/UniversalRenderPipelineAsset_Renderer.asset
  artifactKey: Guid(3b410582ab442a249aafdf7465333bc1) Importer(815301076,1909f56bfc062723c751e8b465ee728b)
Start importing Assets/UniversalRenderPipelineAsset_Renderer.asset using Guid(3b410582ab442a249aafdf7465333bc1) Importer(815301076,1909f56bfc062723c751e8b465ee728b)  -> (artifact id: 'cc6260169354e477024e7e60bb4c5486') in 0.018016 seconds
  Import took 0.029139 seconds .

========================================================================
Received Prepare
Switching render pipeline 00000000000000000000000000000000 -> 48075333e689c2c419380d484b279655
Shader 'Universal Render Pipeline/Particles/Lit': fallback shader 'Universal Render Pipeline/Particles/SimpleLit' not found
Refreshing native plugins compatible for Editor in 8.20 ms, found 3 plugins.
Preloading 0 native plugins for Editor in 0.00 ms.
Unloading 17 Unused Serialized files (Serialized files now loaded: 0)
System memory in use before: 70.4 MB.
System memory in use after: 70.6 MB.

Unloading 17 unused Assets to reduce memory usage. Loaded Objects now: 3661.
Total: 7.865500 ms (FindLiveObjects: 0.677600 ms CreateObjectMapping: 0.468300 ms MarkObjects: 6.515700 ms  DeleteObjects: 0.200200 ms)

AssetImportParameters requested are different than current active one (requested -> active):
  custom:srp/default-shader: 0000e00a000e0de00000e000e02d0000 -> 0000e00a000e0de00000e000e0000000
========================================================================
Received Prepare
Switching render pipeline 00000000000000000000000000000000 -> 48075333e689c2c419380d484b279655
Shader 'Universal Render Pipeline/Particles/Lit': fallback shader 'Universal Render Pipeline/Particles/SimpleLit' not found
Refreshing native plugins compatible for Editor in 8.01 ms, found 3 plugins.
Preloading 0 native plugins for Editor in 0.00 ms.
Unloading 17 Unused Serialized files (Serialized files now loaded: 0)
System memory in use before: 70.4 MB.
System memory in use after: 70.6 MB.

Unloading 17 unused Assets to reduce memory usage. Loaded Objects now: 3661.
Total: 9.367800 ms (FindLiveObjects: 0.649700 ms CreateObjectMapping: 0.392000 ms MarkObjects: 8.135700 ms  DeleteObjects: 0.187200 ms)

========================================================================
Received Prepare
Shader 'Universal Render Pipeline/Particles/Lit': fallback shader 'Universal Render Pipeline/Particles/SimpleLit' not found
Refreshing native plugins compatible for Editor in 8.48 ms, found 3 plugins.
Preloading 0 native plugins for Editor in 0.00 ms.
Unloading 17 Unused Serialized files (Serialized files now loaded: 0)
System memory in use before: 70.4 MB.
System memory in use after: 70.6 MB.

Unloading 17 unused Assets to reduce memory usage. Loaded Objects now: 3661.
Total: 7.447200 ms (FindLiveObjects: 0.601500 ms CreateObjectMapping: 0.350800 ms MarkObjects: 6.321500 ms  DeleteObjects: 0.171300 ms)

========================================================================
Received Import Request.
  Time since last request: 405.897832 seconds.
  path: Assets/Rendering
  artifactKey: Guid(19e27b113b4713a48b074418775645b2) Importer(815301076,1909f56bfc062723c751e8b465ee728b)
Start importing Assets/Rendering using Guid(19e27b113b4713a48b074418775645b2) Importer(815301076,1909f56bfc062723c751e8b465ee728b)  -> (artifact id: '183d4ff95a7f612cebbef591d478dfcb') in 0.020122 seconds
  Import took 0.039102 seconds .

========================================================================
Received Import Request.
  Time since last request: 25.024650 seconds.
  path: Assets/Rendering/UniversalRenderPipelineAsset.asset
  artifactKey: Guid(91cca9f2576c40e40841d59307de7681) Importer(815301076,1909f56bfc062723c751e8b465ee728b)
Start importing Assets/Rendering/UniversalRenderPipelineAsset.asset using Guid(91cca9f2576c40e40841d59307de7681) Importer(815301076,1909f56bfc062723c751e8b465ee728b)  -> (artifact id: 'c3d95ae60c8f6ba7a8bcc3462073e2f4') in 0.024353 seconds
  Import took 0.036959 seconds .

========================================================================
Received Import Request.
  Time since last request: 0.007373 seconds.
  path: Assets/Rendering/UniversalRenderPipelineAsset.asset
  artifactKey: Guid(91cca9f2576c40e40841d59307de7681) Importer(815301076,1909f56bfc062723c751e8b465ee728b)
Start importing Assets/Rendering/UniversalRenderPipelineAsset.asset using Guid(91cca9f2576c40e40841d59307de7681) Importer(815301076,1909f56bfc062723c751e8b465ee728b)  -> (artifact id: 'c3d95ae60c8f6ba7a8bcc3462073e2f4') in 0.007750 seconds
  Import took 0.018451 seconds .

========================================================================
Received Import Request.
  Time since last request: 2.559015 seconds.
  path: Assets/Rendering/UniversalRenderPipelineAsset_Renderer.asset
  artifactKey: Guid(94e691e01c7cb2f498c933315f6ab544) Importer(815301076,1909f56bfc062723c751e8b465ee728b)
Start importing Assets/Rendering/UniversalRenderPipelineAsset_Renderer.asset using Guid(94e691e01c7cb2f498c933315f6ab544) Importer(815301076,1909f56bfc062723c751e8b465ee728b)  -> (artifact id: '834a7882725881fdfde810ccae6dae87') in 0.007030 seconds
  Import took 0.018402 seconds .

========================================================================
Received Import Request.
  Time since last request: 28.685949 seconds.
  path: Assets/Rendering/2D Renderer.asset
  artifactKey: Guid(d3e5baaa754d7f240bb8aaac80fa2ee5) Importer(815301076,1909f56bfc062723c751e8b465ee728b)
Start importing Assets/Rendering/2D Renderer.asset using Guid(d3e5baaa754d7f240bb8aaac80fa2ee5) Importer(815301076,1909f56bfc062723c751e8b465ee728b)  -> (artifact id: '024e6d880ec71dfa23306d244fb2b305') in 0.016075 seconds
  Import took 0.027442 seconds .

========================================================================
Received Prepare
Switching render pipeline 00000000000000000000000000000000 -> 91cca9f2576c40e40841d59307de7681
Shader 'Universal Render Pipeline/Particles/Lit': fallback shader 'Universal Render Pipeline/Particles/SimpleLit' not found
Refreshing native plugins compatible for Editor in 21.72 ms, found 3 plugins.
Preloading 0 native plugins for Editor in 0.00 ms.
Unloading 18 Unused Serialized files (Serialized files now loaded: 0)
System memory in use before: 70.4 MB.
System memory in use after: 70.6 MB.

Unloading 17 unused Assets to reduce memory usage. Loaded Objects now: 3662.
Total: 11.555100 ms (FindLiveObjects: 1.548400 ms CreateObjectMapping: 0.764100 ms MarkObjects: 8.800200 ms  DeleteObjects: 0.438500 ms)

AssetImportParameters requested are different than current active one (requested -> active):
  custom:srp/default-shader: 0000e00a000e0de00000e000e02d0000 -> 0000e00a000e0de00000e000e0000000
========================================================================
Received Import Request.
  Time since last request: 86.590333 seconds.
  path: Assets/Rendering/UniversalRenderPipelineAsset.asset
  artifactKey: Guid(91cca9f2576c40e40841d59307de7681) Importer(815301076,1909f56bfc062723c751e8b465ee728b)
Start importing Assets/Rendering/UniversalRenderPipelineAsset.asset using Guid(91cca9f2576c40e40841d59307de7681) Importer(815301076,1909f56bfc062723c751e8b465ee728b)  -> (artifact id: '9b1804acea1f9b936d97f476f94b62ff') in 0.009958 seconds
  Import took 0.022165 seconds .

========================================================================
Received Import Request.
  Time since last request: 92.990487 seconds.
  path: Assets/Rendering/2D Renderer.asset
  artifactKey: Guid(d3e5baaa754d7f240bb8aaac80fa2ee5) Importer(815301076,1909f56bfc062723c751e8b465ee728b)
Start importing Assets/Rendering/2D Renderer.asset using Guid(d3e5baaa754d7f240bb8aaac80fa2ee5) Importer(815301076,1909f56bfc062723c751e8b465ee728b)  -> (artifact id: '7624b954880e044c3c0bc7f05ba5cb90') in 0.006882 seconds
  Import took 0.018421 seconds .

========================================================================
Received Import Request.
  Time since last request: 0.111011 seconds.
  path: Assets/Rendering/2D Renderer.asset
  artifactKey: Guid(d3e5baaa754d7f240bb8aaac80fa2ee5) Importer(815301076,1909f56bfc062723c751e8b465ee728b)
Start importing Assets/Rendering/2D Renderer.asset using Guid(d3e5baaa754d7f240bb8aaac80fa2ee5) Importer(815301076,1909f56bfc062723c751e8b465ee728b)  -> (artifact id: '7624b954880e044c3c0bc7f05ba5cb90') in 0.006723 seconds
  Import took 0.019127 seconds .

========================================================================
Received Prepare
Registering precompiled user dll's ...
Registered in 0.008550 seconds.
Begin MonoManager ReloadAssembly
Native extension for WindowsStandalone target not found
Refreshing native plugins compatible for Editor in 1.94 ms, found 3 plugins.
Preloading 0 native plugins for Editor in 0.00 ms.
Mono: successfully reloaded assembly
- Completed reload, in  3.900 seconds
Platform modules already initialized, skipping
Shader 'Universal Render Pipeline/Particles/Lit': fallback shader 'Universal Render Pipeline/Particles/SimpleLit' not found
Refreshing native plugins compatible for Editor in 1.11 ms, found 3 plugins.
Preloading 0 native plugins for Editor in 0.00 ms.
Unloading 3114 Unused Serialized files (Serialized files now loaded: 0)
System memory in use before: 131.7 MB.
System memory in use after: 131.9 MB.

Unloading 19 unused Assets to reduce memory usage. Loaded Objects now: 3670.
Total: 5.076200 ms (FindLiveObjects: 0.505500 ms CreateObjectMapping: 0.316700 ms MarkObjects: 4.112700 ms  DeleteObjects: 0.139300 ms)

========================================================================
Received Import Request.
  Time since last request: 14.718538 seconds.
  path: Assets/Art/NewShaderVariants.shadervariants
  artifactKey: Guid(c60ed036c6f346848b66f31005ee345c) Importer(815301076,1909f56bfc062723c751e8b465ee728b)
Start importing Assets/Art/NewShaderVariants.shadervariants using Guid(c60ed036c6f346848b66f31005ee345c) Importer(815301076,1909f56bfc062723c751e8b465ee728b)  -> (artifact id: '8c3a08cba7babde93af012045384d381') in 0.032058 seconds
  Import took 0.041538 seconds .

========================================================================
Received Prepare
Registering precompiled user dll's ...
Registered in 0.008788 seconds.
Begin MonoManager ReloadAssembly
Native extension for WindowsStandalone target not found
Refreshing native plugins compatible for Editor in 1.38 ms, found 3 plugins.
Preloading 0 native plugins for Editor in 0.00 ms.
Mono: successfully reloaded assembly
- Completed reload, in  3.167 seconds
Platform modules already initialized, skipping
Shader 'Universal Render Pipeline/Particles/Lit': fallback shader 'Universal Render Pipeline/Particles/SimpleLit' not found
Refreshing native plugins compatible for Editor in 1.11 ms, found 3 plugins.
Preloading 0 native plugins for Editor in 0.00 ms.
Unloading 3110 Unused Serialized files (Serialized files now loaded: 0)
System memory in use before: 131.7 MB.
System memory in use after: 131.9 MB.

Unloading 19 unused Assets to reduce memory usage. Loaded Objects now: 3674.
Total: 5.115200 ms (FindLiveObjects: 0.578300 ms CreateObjectMapping: 0.343900 ms MarkObjects: 4.052400 ms  DeleteObjects: 0.139000 ms)

========================================================================
Received Import Request.
  Time since last request: 642.450161 seconds.
  path: Assets/Prefab
  artifactKey: Guid(1433b293b632614409ba4b1ccfd33190) Importer(815301076,1909f56bfc062723c751e8b465ee728b)
Start importing Assets/Prefab using Guid(1433b293b632614409ba4b1ccfd33190) Importer(815301076,1909f56bfc062723c751e8b465ee728b)  -> (artifact id: '1e229eae7d46446cab4824ee022c3541') in 0.041196 seconds
  Import took 0.063129 seconds .

========================================================================
Received Import Request.
  Time since last request: 4.062250 seconds.
  path: Assets/Prefab/Player.prefab
  artifactKey: Guid(41d08ef59f8acfe4dad5422c03786289) Importer(815301076,1909f56bfc062723c751e8b465ee728b)
Start importing Assets/Prefab/Player.prefab using Guid(41d08ef59f8acfe4dad5422c03786289) Importer(815301076,1909f56bfc062723c751e8b465ee728b)  -> (artifact id: 'e4352043354e0f05164cf3dd596d7646') in 0.531245 seconds
  Import took 0.542027 seconds .

========================================================================
Received Import Request.
  Time since last request: 146.312058 seconds.
  path: Assets/Art/Sprites/Player.png
  artifactKey: Guid(79fe99a45fbd4ce4f95b82969a7dac22) Importer(815301076,1909f56bfc062723c751e8b465ee728b)
Start importing Assets/Art/Sprites/Player.png using Guid(79fe99a45fbd4ce4f95b82969a7dac22) Importer(815301076,1909f56bfc062723c751e8b465ee728b)  -> (artifact id: '3123e0deba6fc829240bcef9aa7c99fd') in 0.102031 seconds
  Import took 0.115841 seconds .

========================================================================
Received Prepare
Registering precompiled user dll's ...
Registered in 0.008590 seconds.
Begin MonoManager ReloadAssembly
Native extension for WindowsStandalone target not found
Refreshing native plugins compatible for Editor in 1.29 ms, found 3 plugins.
Preloading 0 native plugins for Editor in 0.00 ms.
Mono: successfully reloaded assembly
- Completed reload, in  2.339 seconds
Platform modules already initialized, skipping
Shader 'Universal Render Pipeline/Particles/Lit': fallback shader 'Universal Render Pipeline/Particles/SimpleLit' not found
Refreshing native plugins compatible for Editor in 1.02 ms, found 3 plugins.
Preloading 0 native plugins for Editor in 0.00 ms.
Unloading 3110 Unused Serialized files (Serialized files now loaded: 0)
System memory in use before: 136.9 MB.
System memory in use after: 137.1 MB.

Unloading 19 unused Assets to reduce memory usage. Loaded Objects now: 3726.
Total: 5.018600 ms (FindLiveObjects: 0.506200 ms CreateObjectMapping: 0.296700 ms MarkObjects: 4.056200 ms  DeleteObjects: 0.157600 ms)

